<?xml version="1.0" encoding="UTF-8"?>
<testng-results ignored="0" total="1" passed="1" failed="0" skipped="0">
  <reporter-output>
    <line>
      <![CDATA[Parameter receving data]]>
    </line>
    <line>
      <![CDATA[https://demowebshop.tricentis.com/login]]>
    </line>
  </reporter-output>
  <suite started-at="2023-12-28T14:39:29 IST" name="Surefire suite" finished-at="2023-12-28T14:39:33 IST" duration-ms="3645">
    <groups>
    </groups>
    <test started-at="2023-12-28T14:39:29 IST" name="Surefire test" finished-at="2023-12-28T14:39:33 IST" duration-ms="3645">
      <class name="Demopractice.MavenParameter">
        <test-method signature="receiveData()[pri:0, instance:Demopractice.MavenParameter@19d37183]" started-at="2023-12-28T14:39:29 IST" name="receiveData" finished-at="2023-12-28T14:39:33 IST" duration-ms="3616" status="PASS">
          <reporter-output>
            <line>
              <![CDATA[Parameter receving data]]>
            </line>
            <line>
              <![CDATA[https://demowebshop.tricentis.com/login]]>
            </line>
          </reporter-output>
        </test-method> <!-- receiveData -->
      </class> <!-- Demopractice.MavenParameter -->
    </test> <!-- Surefire test -->
  </suite> <!-- Surefire suite -->
</testng-results>
