<?xml version="1.0" encoding="UTF-8"?>
<testng-results ignored="0" total="1" passed="1" failed="0" skipped="0">
  <reporter-output>
  </reporter-output>
  <suite started-at="2024-01-02T10:03:38 IST" name="Default suite" finished-at="2024-01-02T10:03:43 IST" duration-ms="5135">
    <groups>
    </groups>
    <test started-at="2024-01-02T10:03:38 IST" name="Default test" finished-at="2024-01-02T10:03:43 IST" duration-ms="5135">
      <class name="extentreports.ToAddScreenShot">
        <test-method signature="screenshot()[pri:0, instance:extentreports.ToAddScreenShot@71def8f8]" started-at="2024-01-02T10:03:38 IST" name="screenshot" finished-at="2024-01-02T10:03:43 IST" duration-ms="5110" status="PASS">
          <reporter-output>
          </reporter-output>
        </test-method> <!-- screenshot -->
      </class> <!-- extentreports.ToAddScreenShot -->
    </test> <!-- Default test -->
  </suite> <!-- Default suite -->
</testng-results>
